Num GPUs Available:  1
Device name:  /device:GPU:0
Warning! features/labels load from cached file. Tags changed after cache generation in config.yaml might not take effect.
Search space summary
Default search space size: 14
hp_learning_rate (Fixed)
{'conditions': [], 'value': 0.001}
hp_drop_out_rate (Fixed)
{'conditions': [], 'value': 0.3}
hp_master_1st_dense_units (Choice)
{'default': 128, 'conditions': [], 'values': [128, 256, 512], 'ordered': True}
hp_master_2nd_dense_units (Choice)
{'default': 256, 'conditions': [], 'values': [256, 512, 1024, 2048], 'ordered': True}
hp_master_3rd_dense_layer (Boolean)
{'default': False, 'conditions': []}
hp_master_activation_function (Fixed)
{'conditions': [], 'value': 'relu'}
hp_branch_dense_activation_func (Fixed)
{'conditions': [], 'value': 'tanh'}
hp_numFilters (Int)
{'default': None, 'conditions': [], 'min_value': 8, 'max_value': 64, 'step': 1, 'sampling': 'linear'}
hp_branch_primary_kernel_size (Int)
{'default': None, 'conditions': [], 'min_value': 2, 'max_value': 32, 'step': 2, 'sampling': 'linear'}
hp_branch_ending_kernel_size (Int)
{'default': None, 'conditions': [], 'min_value': 2, 'max_value': 32, 'step': 2, 'sampling': 'linear'}
hp_branch_primary_numConvLayers (Int)
{'default': None, 'conditions': [], 'min_value': 1, 'max_value': 16, 'step': 1, 'sampling': 'linear'}
hp_branch_numConvBlocks (Int)
{'default': None, 'conditions': [], 'min_value': 1, 'max_value': 16, 'step': 1, 'sampling': 'linear'}
hp_branch_pool_size (Int)
{'default': None, 'conditions': [], 'min_value': 2, 'max_value': 32, 'step': 2, 'sampling': 'linear'}
hp_branch_dense_units (Choice)
{'default': 16, 'conditions': [], 'values': [16, 32, 64, 128, 256, 512], 'ordered': True}
search space:  None

Search: Running Trial #222

Value             |Best Value So Far |Hyperparameter
0.001             |0.001             |hp_learning_rate
0.3               |0.3               |hp_drop_out_rate
128               |256               |hp_master_1st_dense_units
1024              |512               |hp_master_2nd_dense_units
False             |True              |hp_master_3rd_dense_layer
relu              |relu              |hp_master_activation_function
tanh              |tanh              |hp_branch_dense_activation_func
9                 |17                |hp_numFilters
10                |10                |hp_branch_primary_kernel_size
16                |2                 |hp_branch_ending_kernel_size
9                 |3                 |hp_branch_primary_numConvLayers
15                |1                 |hp_branch_numConvBlocks
16                |22                |hp_branch_pool_size
128               |256               |hp_branch_dense_units
23                |200               |tuner/epochs
0                 |67                |tuner/initial_epoch
2                 |4                 |tuner/bracket
0                 |4                 |tuner/round

Epoch 1/23
154/154 - 143s - loss: 12.6391 - mean_absolute_error: 3.0588 - val_loss: 11.6669 - val_mean_absolute_error: 2.9370 - lr: 0.0010 - 143s/epoch - 926ms/step
Epoch 2/23
154/154 - 62s - loss: 11.7441 - mean_absolute_error: 2.9296 - val_loss: 10.8215 - val_mean_absolute_error: 2.8123 - lr: 0.0010 - 62s/epoch - 402ms/step
Epoch 3/23
154/154 - 62s - loss: 10.9143 - mean_absolute_error: 2.8088 - val_loss: 10.0392 - val_mean_absolute_error: 2.6939 - lr: 0.0010 - 62s/epoch - 401ms/step
Epoch 4/23
154/154 - 63s - loss: 10.1462 - mean_absolute_error: 2.6940 - val_loss: 9.3164 - val_mean_absolute_error: 2.5811 - lr: 0.0010 - 63s/epoch - 407ms/step
Epoch 5/23
154/154 - 61s - loss: 9.4365 - mean_absolute_error: 2.5851 - val_loss: 8.6500 - val_mean_absolute_error: 2.4739 - lr: 0.0010 - 61s/epoch - 398ms/step
Epoch 6/23
154/154 - 60s - loss: 8.7819 - mean_absolute_error: 2.4821 - val_loss: 8.0368 - val_mean_absolute_error: 2.3721 - lr: 0.0010 - 60s/epoch - 392ms/step
Epoch 7/23
154/154 - 61s - loss: 8.1794 - mean_absolute_error: 2.3848 - val_loss: 7.4738 - val_mean_absolute_error: 2.2765 - lr: 0.0010 - 61s/epoch - 398ms/step
Epoch 8/23
154/154 - 63s - loss: 7.6262 - mean_absolute_error: 2.2934 - val_loss: 6.9584 - val_mean_absolute_error: 2.1870 - lr: 0.0010 - 63s/epoch - 406ms/step
Epoch 9/23
154/154 - 64s - loss: 7.1196 - mean_absolute_error: 2.2076 - val_loss: 6.4878 - val_mean_absolute_error: 2.1032 - lr: 0.0010 - 64s/epoch - 414ms/step
Epoch 10/23
154/154 - 62s - loss: 6.6569 - mean_absolute_error: 2.1269 - val_loss: 6.0596 - val_mean_absolute_error: 2.0253 - lr: 0.0010 - 62s/epoch - 402ms/step
Epoch 11/23
154/154 - 62s - loss: 6.2358 - mean_absolute_error: 2.0514 - val_loss: 5.6714 - val_mean_absolute_error: 1.9521 - lr: 0.0010 - 62s/epoch - 402ms/step
Epoch 12/23
154/154 - 61s - loss: 5.8539 - mean_absolute_error: 1.9813 - val_loss: 5.3209 - val_mean_absolute_error: 1.8840 - lr: 0.0010 - 61s/epoch - 394ms/step
Epoch 13/23
154/154 - 64s - loss: 5.5090 - mean_absolute_error: 1.9159 - val_loss: 5.0059 - val_mean_absolute_error: 1.8206 - lr: 0.0010 - 64s/epoch - 413ms/step
Epoch 14/23
154/154 - 61s - loss: 5.1988 - mean_absolute_error: 1.8554 - val_loss: 4.7241 - val_mean_absolute_error: 1.7622 - lr: 0.0010 - 61s/epoch - 396ms/step
Epoch 15/23
154/154 - 61s - loss: 4.9213 - mean_absolute_error: 1.7996 - val_loss: 4.4736 - val_mean_absolute_error: 1.7090 - lr: 0.0010 - 61s/epoch - 399ms/step
Epoch 16/23
154/154 - 61s - loss: 4.6744 - mean_absolute_error: 1.7483 - val_loss: 4.2523 - val_mean_absolute_error: 1.6614 - lr: 0.0010 - 61s/epoch - 397ms/step
Epoch 17/23
154/154 - 61s - loss: 4.4561 - mean_absolute_error: 1.7018 - val_loss: 4.0581 - val_mean_absolute_error: 1.6191 - lr: 0.0010 - 61s/epoch - 399ms/step
Epoch 18/23
154/154 - 61s - loss: 4.2644 - mean_absolute_error: 1.6608 - val_loss: 3.8891 - val_mean_absolute_error: 1.5822 - lr: 0.0010 - 61s/epoch - 398ms/step
Epoch 19/23
154/154 - 62s - loss: 4.0973 - mean_absolute_error: 1.6252 - val_loss: 3.7434 - val_mean_absolute_error: 1.5504 - lr: 0.0010 - 62s/epoch - 402ms/step
Epoch 20/23
154/154 - 61s - loss: 3.9529 - mean_absolute_error: 1.5942 - val_loss: 3.6189 - val_mean_absolute_error: 1.5229 - lr: 0.0010 - 61s/epoch - 395ms/step
Epoch 21/23
154/154 - 60s - loss: 3.8293 - mean_absolute_error: 1.5675 - val_loss: 3.5138 - val_mean_absolute_error: 1.4994 - lr: 0.0010 - 60s/epoch - 392ms/step
Epoch 22/23
154/154 - 61s - loss: 3.7246 - mean_absolute_error: 1.5446 - val_loss: 3.4261 - val_mean_absolute_error: 1.4795 - lr: 0.0010 - 61s/epoch - 393ms/step
Epoch 23/23
154/154 - 62s - loss: 3.6370 - mean_absolute_error: 1.5254 - val_loss: 3.3541 - val_mean_absolute_error: 1.4637 - lr: 0.0010 - 62s/epoch - 400ms/step
[2K[2KTrial 222 Complete [00h 25m 15s]
val_mean_absolute_error: 1.4636889696121216

Best val_mean_absolute_error So Far: 0.16447311639785767
Total elapsed time: 00h 25m 15s

Search: Running Trial #223

Value             |Best Value So Far |Hyperparameter
0.001             |0.001             |hp_learning_rate
0.3               |0.3               |hp_drop_out_rate
512               |256               |hp_master_1st_dense_units
256               |512               |hp_master_2nd_dense_units
False             |True              |hp_master_3rd_dense_layer
relu              |relu              |hp_master_activation_function
tanh              |tanh              |hp_branch_dense_activation_func
17                |17                |hp_numFilters
16                |10                |hp_branch_primary_kernel_size
32                |2                 |hp_branch_ending_kernel_size
10                |3                 |hp_branch_primary_numConvLayers
12                |1                 |hp_branch_numConvBlocks
20                |22                |hp_branch_pool_size
128               |256               |hp_branch_dense_units
23                |200               |tuner/epochs
0                 |67                |tuner/initial_epoch
2                 |4                 |tuner/bracket
0                 |4                 |tuner/round

Epoch 1/23
154/154 - 139s - loss: 12.6391 - mean_absolute_error: 3.0588 - val_loss: 11.6669 - val_mean_absolute_error: 2.9370 - lr: 0.0010 - 139s/epoch - 905ms/step
Epoch 2/23
154/154 - 76s - loss: 11.7441 - mean_absolute_error: 2.9296 - val_loss: 10.8215 - val_mean_absolute_error: 2.8123 - lr: 0.0010 - 76s/epoch - 492ms/step
Epoch 3/23
154/154 - 76s - loss: 10.9143 - mean_absolute_error: 2.8088 - val_loss: 10.0392 - val_mean_absolute_error: 2.6939 - lr: 0.0010 - 76s/epoch - 493ms/step
Epoch 4/23
154/154 - 77s - loss: 10.1462 - mean_absolute_error: 2.6940 - val_loss: 9.3164 - val_mean_absolute_error: 2.5811 - lr: 0.0010 - 77s/epoch - 497ms/step
Epoch 5/23
154/154 - 76s - loss: 9.4365 - mean_absolute_error: 2.5851 - val_loss: 8.6500 - val_mean_absolute_error: 2.4739 - lr: 0.0010 - 76s/epoch - 492ms/step
Epoch 6/23
154/154 - 75s - loss: 8.7819 - mean_absolute_error: 2.4821 - val_loss: 8.0368 - val_mean_absolute_error: 2.3721 - lr: 0.0010 - 75s/epoch - 488ms/step
Epoch 7/23
154/154 - 75s - loss: 8.1794 - mean_absolute_error: 2.3848 - val_loss: 7.4738 - val_mean_absolute_error: 2.2765 - lr: 0.0010 - 75s/epoch - 490ms/step
Epoch 8/23
154/154 - 77s - loss: 7.6262 - mean_absolute_error: 2.2934 - val_loss: 6.9584 - val_mean_absolute_error: 2.1870 - lr: 0.0010 - 77s/epoch - 502ms/step
Epoch 9/23
154/154 - 75s - loss: 7.1196 - mean_absolute_error: 2.2076 - val_loss: 6.4878 - val_mean_absolute_error: 2.1032 - lr: 0.0010 - 75s/epoch - 488ms/step
Epoch 10/23
154/154 - 76s - loss: 6.6569 - mean_absolute_error: 2.1269 - val_loss: 6.0596 - val_mean_absolute_error: 2.0253 - lr: 0.0010 - 76s/epoch - 491ms/step
Epoch 11/23
154/154 - 75s - loss: 6.2358 - mean_absolute_error: 2.0514 - val_loss: 5.6714 - val_mean_absolute_error: 1.9521 - lr: 0.0010 - 75s/epoch - 486ms/step
Epoch 12/23
154/154 - 79s - loss: 5.8539 - mean_absolute_error: 1.9813 - val_loss: 5.3209 - val_mean_absolute_error: 1.8840 - lr: 0.0010 - 79s/epoch - 514ms/step
Epoch 13/23
154/154 - 76s - loss: 5.5090 - mean_absolute_error: 1.9159 - val_loss: 5.0059 - val_mean_absolute_error: 1.8206 - lr: 0.0010 - 76s/epoch - 493ms/step
Epoch 14/23
154/154 - 75s - loss: 5.1988 - mean_absolute_error: 1.8554 - val_loss: 4.7241 - val_mean_absolute_error: 1.7622 - lr: 0.0010 - 75s/epoch - 488ms/step
Epoch 15/23
154/154 - 75s - loss: 4.9213 - mean_absolute_error: 1.7996 - val_loss: 4.4736 - val_mean_absolute_error: 1.7090 - lr: 0.0010 - 75s/epoch - 484ms/step
Epoch 16/23
154/154 - 77s - loss: 4.6744 - mean_absolute_error: 1.7483 - val_loss: 4.2523 - val_mean_absolute_error: 1.6614 - lr: 0.0010 - 77s/epoch - 497ms/step
Epoch 17/23
154/154 - 75s - loss: 4.4561 - mean_absolute_error: 1.7018 - val_loss: 4.0581 - val_mean_absolute_error: 1.6191 - lr: 0.0010 - 75s/epoch - 489ms/step
Epoch 18/23
154/154 - 75s - loss: 4.2644 - mean_absolute_error: 1.6608 - val_loss: 3.8891 - val_mean_absolute_error: 1.5822 - lr: 0.0010 - 75s/epoch - 487ms/step
Epoch 19/23
154/154 - 75s - loss: 4.0973 - mean_absolute_error: 1.6252 - val_loss: 3.7434 - val_mean_absolute_error: 1.5504 - lr: 0.0010 - 75s/epoch - 484ms/step
Epoch 20/23
154/154 - 76s - loss: 3.9529 - mean_absolute_error: 1.5942 - val_loss: 3.6189 - val_mean_absolute_error: 1.5229 - lr: 0.0010 - 76s/epoch - 495ms/step
Epoch 21/23
154/154 - 77s - loss: 3.8293 - mean_absolute_error: 1.5675 - val_loss: 3.5138 - val_mean_absolute_error: 1.4994 - lr: 0.0010 - 77s/epoch - 501ms/step
Epoch 22/23
154/154 - 76s - loss: 3.7246 - mean_absolute_error: 1.5446 - val_loss: 3.4261 - val_mean_absolute_error: 1.4795 - lr: 0.0010 - 76s/epoch - 496ms/step
Epoch 23/23
154/154 - 75s - loss: 3.6370 - mean_absolute_error: 1.5254 - val_loss: 3.3541 - val_mean_absolute_error: 1.4637 - lr: 0.0010 - 75s/epoch - 489ms/step
[2K[2KTrial 223 Complete [00h 30m 17s]
val_mean_absolute_error: 1.4636889696121216

Best val_mean_absolute_error So Far: 0.16447311639785767
Total elapsed time: 00h 55m 32s

Search: Running Trial #224

Value             |Best Value So Far |Hyperparameter
0.001             |0.001             |hp_learning_rate
0.3               |0.3               |hp_drop_out_rate
128               |256               |hp_master_1st_dense_units
1024              |512               |hp_master_2nd_dense_units
True              |True              |hp_master_3rd_dense_layer
relu              |relu              |hp_master_activation_function
tanh              |tanh              |hp_branch_dense_activation_func
25                |17                |hp_numFilters
24                |10                |hp_branch_primary_kernel_size
6                 |2                 |hp_branch_ending_kernel_size
14                |3                 |hp_branch_primary_numConvLayers
6                 |1                 |hp_branch_numConvBlocks
24                |22                |hp_branch_pool_size
64                |256               |hp_branch_dense_units
23                |200               |tuner/epochs
0                 |67                |tuner/initial_epoch
2                 |4                 |tuner/bracket
0                 |4                 |tuner/round

Epoch 1/23
154/154 - 131s - loss: 12.6391 - mean_absolute_error: 3.0588 - val_loss: 11.6669 - val_mean_absolute_error: 2.9370 - lr: 0.0010 - 131s/epoch - 853ms/step
Epoch 2/23
154/154 - 91s - loss: 11.7441 - mean_absolute_error: 2.9296 - val_loss: 10.8215 - val_mean_absolute_error: 2.8123 - lr: 0.0010 - 91s/epoch - 589ms/step
Epoch 3/23
154/154 - 91s - loss: 10.9143 - mean_absolute_error: 2.8088 - val_loss: 10.0392 - val_mean_absolute_error: 2.6939 - lr: 0.0010 - 91s/epoch - 593ms/step
Epoch 4/23
154/154 - 91s - loss: 10.1462 - mean_absolute_error: 2.6940 - val_loss: 9.3164 - val_mean_absolute_error: 2.5811 - lr: 0.0010 - 91s/epoch - 590ms/step
Epoch 5/23
154/154 - 94s - loss: 9.4365 - mean_absolute_error: 2.5851 - val_loss: 8.6500 - val_mean_absolute_error: 2.4739 - lr: 0.0010 - 94s/epoch - 611ms/step
Epoch 6/23
154/154 - 91s - loss: 8.7819 - mean_absolute_error: 2.4821 - val_loss: 8.0368 - val_mean_absolute_error: 2.3721 - lr: 0.0010 - 91s/epoch - 591ms/step
Epoch 7/23
154/154 - 91s - loss: 8.1794 - mean_absolute_error: 2.3848 - val_loss: 7.4738 - val_mean_absolute_error: 2.2765 - lr: 0.0010 - 91s/epoch - 591ms/step
Epoch 8/23
154/154 - 93s - loss: 7.6262 - mean_absolute_error: 2.2934 - val_loss: 6.9584 - val_mean_absolute_error: 2.1870 - lr: 0.0010 - 93s/epoch - 602ms/step
Epoch 9/23
154/154 - 92s - loss: 7.1196 - mean_absolute_error: 2.2076 - val_loss: 6.4878 - val_mean_absolute_error: 2.1032 - lr: 0.0010 - 92s/epoch - 596ms/step
Epoch 10/23
154/154 - 91s - loss: 6.6569 - mean_absolute_error: 2.1269 - val_loss: 6.0596 - val_mean_absolute_error: 2.0253 - lr: 0.0010 - 91s/epoch - 590ms/step
Epoch 11/23
154/154 - 91s - loss: 6.2358 - mean_absolute_error: 2.0514 - val_loss: 5.6714 - val_mean_absolute_error: 1.9521 - lr: 0.0010 - 91s/epoch - 592ms/step
Epoch 12/23
154/154 - 93s - loss: 5.8539 - mean_absolute_error: 1.9813 - val_loss: 5.3209 - val_mean_absolute_error: 1.8840 - lr: 0.0010 - 93s/epoch - 607ms/step
Epoch 13/23
154/154 - 92s - loss: 5.5090 - mean_absolute_error: 1.9159 - val_loss: 5.0059 - val_mean_absolute_error: 1.8206 - lr: 0.0010 - 92s/epoch - 598ms/step
Epoch 14/23
154/154 - 93s - loss: 5.1988 - mean_absolute_error: 1.8554 - val_loss: 4.7241 - val_mean_absolute_error: 1.7622 - lr: 0.0010 - 93s/epoch - 604ms/step
Epoch 15/23
154/154 - 95s - loss: 4.9213 - mean_absolute_error: 1.7996 - val_loss: 4.4736 - val_mean_absolute_error: 1.7090 - lr: 0.0010 - 95s/epoch - 616ms/step
Epoch 16/23
154/154 - 91s - loss: 4.6744 - mean_absolute_error: 1.7483 - val_loss: 4.2523 - val_mean_absolute_error: 1.6614 - lr: 0.0010 - 91s/epoch - 588ms/step
Epoch 17/23
154/154 - 91s - loss: 4.4561 - mean_absolute_error: 1.7018 - val_loss: 4.0581 - val_mean_absolute_error: 1.6191 - lr: 0.0010 - 91s/epoch - 592ms/step
Epoch 18/23
154/154 - 92s - loss: 4.2644 - mean_absolute_error: 1.6608 - val_loss: 3.8891 - val_mean_absolute_error: 1.5822 - lr: 0.0010 - 92s/epoch - 599ms/step
Epoch 19/23
154/154 - 93s - loss: 4.0973 - mean_absolute_error: 1.6252 - val_loss: 3.7434 - val_mean_absolute_error: 1.5504 - lr: 0.0010 - 93s/epoch - 602ms/step
Epoch 20/23
154/154 - 91s - loss: 3.9529 - mean_absolute_error: 1.5942 - val_loss: 3.6189 - val_mean_absolute_error: 1.5229 - lr: 0.0010 - 91s/epoch - 591ms/step
Epoch 21/23
154/154 - 99s - loss: 3.8293 - mean_absolute_error: 1.5675 - val_loss: 3.5138 - val_mean_absolute_error: 1.4994 - lr: 0.0010 - 99s/epoch - 642ms/step
Epoch 22/23
154/154 - 93s - loss: 3.7246 - mean_absolute_error: 1.5446 - val_loss: 3.4261 - val_mean_absolute_error: 1.4795 - lr: 0.0010 - 93s/epoch - 605ms/step
Epoch 23/23
154/154 - 91s - loss: 3.6370 - mean_absolute_error: 1.5254 - val_loss: 3.3541 - val_mean_absolute_error: 1.4637 - lr: 0.0010 - 91s/epoch - 593ms/step
[2K[2KTrial 224 Complete [00h 36m 08s]
val_mean_absolute_error: 1.4636889696121216

Best val_mean_absolute_error So Far: 0.16447311639785767
Total elapsed time: 01h 31m 40s

Search: Running Trial #225

Value             |Best Value So Far |Hyperparameter
0.001             |0.001             |hp_learning_rate
0.3               |0.3               |hp_drop_out_rate
128               |256               |hp_master_1st_dense_units
256               |512               |hp_master_2nd_dense_units
False             |True              |hp_master_3rd_dense_layer
relu              |relu              |hp_master_activation_function
tanh              |tanh              |hp_branch_dense_activation_func
23                |17                |hp_numFilters
8                 |10                |hp_branch_primary_kernel_size
24                |2                 |hp_branch_ending_kernel_size
3                 |3                 |hp_branch_primary_numConvLayers
14                |1                 |hp_branch_numConvBlocks
18                |22                |hp_branch_pool_size
32                |256               |hp_branch_dense_units
23                |200               |tuner/epochs
0                 |67                |tuner/initial_epoch
2                 |4                 |tuner/bracket
0                 |4                 |tuner/round

Epoch 1/23
154/154 - 59s - loss: 4.2658 - mean_absolute_error: 1.6450 - val_loss: 3.1737 - val_mean_absolute_error: 1.4466 - lr: 0.0010 - 59s/epoch - 384ms/step
Epoch 2/23
154/154 - 33s - loss: 3.3461 - mean_absolute_error: 1.4789 - val_loss: 3.1729 - val_mean_absolute_error: 1.4464 - lr: 0.0010 - 33s/epoch - 215ms/step
Epoch 3/23
154/154 - 32s - loss: 3.3458 - mean_absolute_error: 1.4787 - val_loss: 3.1770 - val_mean_absolute_error: 1.4476 - lr: 0.0010 - 32s/epoch - 205ms/step
Epoch 4/23
154/154 - 32s - loss: 3.3483 - mean_absolute_error: 1.4793 - val_loss: 3.1809 - val_mean_absolute_error: 1.4488 - lr: 0.0010 - 32s/epoch - 205ms/step
Epoch 5/23
154/154 - 32s - loss: 3.3467 - mean_absolute_error: 1.4784 - val_loss: 3.1781 - val_mean_absolute_error: 1.4480 - lr: 0.0010 - 32s/epoch - 207ms/step
Epoch 6/23
154/154 - 32s - loss: 3.3486 - mean_absolute_error: 1.4790 - val_loss: 3.1767 - val_mean_absolute_error: 1.4475 - lr: 0.0010 - 32s/epoch - 207ms/step
Epoch 7/23
154/154 - 32s - loss: 3.3455 - mean_absolute_error: 1.4784 - val_loss: 3.1791 - val_mean_absolute_error: 1.4483 - lr: 0.0010 - 32s/epoch - 209ms/step
Epoch 8/23
154/154 - 32s - loss: 3.3432 - mean_absolute_error: 1.4782 - val_loss: 3.1786 - val_mean_absolute_error: 1.4481 - lr: 0.0010 - 32s/epoch - 207ms/step
Epoch 9/23
154/154 - 32s - loss: 3.3437 - mean_absolute_error: 1.4784 - val_loss: 3.1738 - val_mean_absolute_error: 1.4467 - lr: 0.0010 - 32s/epoch - 208ms/step
Epoch 10/23
154/154 - 32s - loss: 3.3427 - mean_absolute_error: 1.4781 - val_loss: 3.1762 - val_mean_absolute_error: 1.4474 - lr: 0.0010 - 32s/epoch - 208ms/step
Epoch 11/23
154/154 - 32s - loss: 3.3413 - mean_absolute_error: 1.4779 - val_loss: 3.1749 - val_mean_absolute_error: 1.4470 - lr: 0.0010 - 32s/epoch - 207ms/step
Epoch 12/23
154/154 - 32s - loss: 3.3402 - mean_absolute_error: 1.4776 - val_loss: 3.1761 - val_mean_absolute_error: 1.4474 - lr: 0.0010 - 32s/epoch - 206ms/step
Epoch 13/23
154/154 - 32s - loss: 3.3299 - mean_absolute_error: 1.4760 - val_loss: 3.2126 - val_mean_absolute_error: 1.4581 - lr: 5.0000e-04 - 32s/epoch - 207ms/step
Epoch 14/23
154/154 - 32s - loss: 3.3311 - mean_absolute_error: 1.4764 - val_loss: 3.2109 - val_mean_absolute_error: 1.4576 - lr: 5.0000e-04 - 32s/epoch - 206ms/step
Epoch 15/23
154/154 - 32s - loss: 3.3317 - mean_absolute_error: 1.4764 - val_loss: 3.2084 - val_mean_absolute_error: 1.4569 - lr: 5.0000e-04 - 32s/epoch - 208ms/step
Epoch 16/23
154/154 - 32s - loss: 3.3306 - mean_absolute_error: 1.4762 - val_loss: 3.2082 - val_mean_absolute_error: 1.4569 - lr: 5.0000e-04 - 32s/epoch - 210ms/step
Epoch 17/23
